<?xml version="1.0" encoding="UTF-8"?>
<!-- Generated by org.testng.reporters.JUnitXMLReporter -->
<testsuite ignored="4" hostname="WRM-nout" failures="0" tests="1" name="Default test" time="21.069" errors="0" timestamp="2022-11-09T16:56:45 EET">
  <testcase classname="testai.tests" name="regNegative" time="12.768"/>
  <testcase classname="testai.tests" name="loginPageNeg" time="0.0">
    <ignored/>
  </testcase> <!-- loginPageNeg -->
  <testcase classname="testai.tests" name="loginPage" time="0.0">
    <ignored/>
  </testcase> <!-- loginPage -->
  <testcase classname="testai.tests" name="loginPageOut" time="0.0">
    <ignored/>
  </testcase> <!-- loginPageOut -->
  <testcase classname="testai.tests" name="regPositive" time="0.0">
    <ignored/>
  </testcase> <!-- regPositive -->
</testsuite> <!-- Default test -->
