<?xml version="1.0" encoding="UTF-8"?>
<!-- Generated by org.testng.reporters.JUnitXMLReporter -->
<testsuite ignored="3" hostname="WRM-nout" failures="0" tests="2" name="AntrasTestasNegative" time="25.034" errors="0" timestamp="2022-11-09T17:21:40 EET">
  <testcase classname="testai.tests" name="loginPageNeg" time="4.815"/>
  <testcase classname="testai.tests" name="regNegative" time="12.137"/>
  <testcase classname="testai.tests" name="regPositive" time="0.0">
    <ignored/>
  </testcase> <!-- regPositive -->
  <testcase classname="testai.tests" name="loginPage" time="0.0">
    <ignored/>
  </testcase> <!-- loginPage -->
  <testcase classname="testai.tests" name="loginPageOut" time="0.0">
    <ignored/>
  </testcase> <!-- loginPageOut -->
</testsuite> <!-- AntrasTestasNegative -->
