<?xml version="1.0" encoding="UTF-8"?>
<!-- Generated by org.testng.reporters.JUnitXMLReporter -->
<testsuite ignored="3" hostname="WRM-nout" failures="0" tests="2" name="PirmasTestasPositive" time="24.467" errors="0" timestamp="2022-11-09T17:21:15 EET">
  <testcase classname="testai.tests" name="regPositive" time="13.64"/>
  <testcase classname="testai.tests" name="loginPage" time="2.306"/>
  <testcase classname="testai.tests" name="regNegative" time="0.0">
    <ignored/>
  </testcase> <!-- regNegative -->
  <testcase classname="testai.tests" name="loginPageOut" time="0.0">
    <ignored/>
  </testcase> <!-- loginPageOut -->
  <testcase classname="testai.tests" name="loginPageNeg" time="0.0">
    <ignored/>
  </testcase> <!-- loginPageNeg -->
</testsuite> <!-- PirmasTestasPositive -->
