<?xml version="1.0" encoding="UTF-8"?>
<testng-results ignored="10" total="15" passed="5" failed="0" skipped="0">
  <reporter-output>
  </reporter-output>
  <suite started-at="2022-11-09T17:20:50 EET" name="PirmasSuite" finished-at="2022-11-09T17:21:52 EET" duration-ms="61852">
    <groups>
    </groups>
    <test started-at="2022-11-09T17:20:50 EET" name="PirmasTestasPositive" finished-at="2022-11-09T17:21:15 EET" duration-ms="24467">
      <class name="testai.tests">
        <test-method is-config="true" signature="Setup()[pri:0, instance:testai.tests@5f16132a]" started-at="2022-11-09T17:20:50 EET" name="Setup" finished-at="2022-11-09T17:20:59 EET" duration-ms="8372" status="PASS">
          <reporter-output>
          </reporter-output>
        </test-method> <!-- Setup -->
        <test-method signature="regPositive()[pri:0, instance:testai.tests@5f16132a]" started-at="2022-11-09T17:20:59 EET" name="regPositive" finished-at="2022-11-09T17:21:12 EET" duration-ms="13640" status="PASS">
          <reporter-output>
          </reporter-output>
        </test-method> <!-- regPositive -->
        <test-method signature="loginPage()[pri:0, instance:testai.tests@5f16132a]" started-at="2022-11-09T17:21:12 EET" name="loginPage" finished-at="2022-11-09T17:21:15 EET" duration-ms="2306" status="PASS">
          <reporter-output>
          </reporter-output>
        </test-method> <!-- loginPage -->
      </class> <!-- testai.tests -->
    </test> <!-- PirmasTestasPositive -->
    <test started-at="2022-11-09T17:21:15 EET" name="AntrasTestasNegative" finished-at="2022-11-09T17:21:40 EET" duration-ms="25034">
      <class name="testai.tests">
        <test-method is-config="true" signature="Setup()[pri:0, instance:testai.tests@2e222612]" started-at="2022-11-09T17:21:15 EET" name="Setup" finished-at="2022-11-09T17:21:23 EET" duration-ms="8052" status="PASS">
          <reporter-output>
          </reporter-output>
        </test-method> <!-- Setup -->
        <test-method signature="loginPageNeg()[pri:0, instance:testai.tests@2e222612]" started-at="2022-11-09T17:21:23 EET" name="loginPageNeg" finished-at="2022-11-09T17:21:28 EET" duration-ms="4815" status="PASS">
          <reporter-output>
          </reporter-output>
        </test-method> <!-- loginPageNeg -->
        <test-method signature="regNegative()[pri:0, instance:testai.tests@2e222612]" started-at="2022-11-09T17:21:28 EET" name="regNegative" finished-at="2022-11-09T17:21:40 EET" duration-ms="12137" status="PASS">
          <reporter-output>
          </reporter-output>
        </test-method> <!-- regNegative -->
      </class> <!-- testai.tests -->
    </test> <!-- AntrasTestasNegative -->
    <test started-at="2022-11-09T17:21:40 EET" name="TreciasTestasAtsijungimas" finished-at="2022-11-09T17:21:52 EET" duration-ms="12208">
      <class name="testai.tests">
        <test-method is-config="true" signature="Setup()[pri:0, instance:testai.tests@6b8ca3c8]" started-at="2022-11-09T17:21:40 EET" name="Setup" finished-at="2022-11-09T17:21:50 EET" duration-ms="9860" status="PASS">
          <reporter-output>
          </reporter-output>
        </test-method> <!-- Setup -->
        <test-method signature="loginPageOut()[pri:0, instance:testai.tests@6b8ca3c8]" started-at="2022-11-09T17:21:50 EET" name="loginPageOut" finished-at="2022-11-09T17:21:52 EET" duration-ms="2321" status="PASS">
          <reporter-output>
          </reporter-output>
        </test-method> <!-- loginPageOut -->
        <test-method is-config="true" signature="TearDown()[pri:0, instance:testai.tests@6b8ca3c8]" started-at="2022-11-09T17:21:52 EET" name="TearDown" finished-at="2022-11-09T17:21:53 EET" duration-ms="483" status="PASS">
          <reporter-output>
          </reporter-output>
        </test-method> <!-- TearDown -->
      </class> <!-- testai.tests -->
    </test> <!-- TreciasTestasAtsijungimas -->
  </suite> <!-- PirmasSuite -->
</testng-results>
